<?xml version="1.0" encoding="UTF-8"?>
<!-- Generated by org.testng.reporters.JUnitXMLReporter -->
<testsuite hostname="Pravinkumar-Rajendran" ignored="0" name="Default test" tests="3" failures="0" timestamp="29 Jun 2022 15:16:50 GMT" time="11.353" errors="0">
  <testcase name="tc01" time="4.507" classname="com.pract.Test2data"/>
  <testcase name="tc01" time="2.867" classname="com.pract.Test2data"/>
  <testcase name="tc01" time="2.975" classname="com.pract.Test2data"/>
</testsuite> <!-- Default test -->
